<?xml version="1.0" encoding="UTF-8"?>
<testng-results ignored="0" total="4" passed="4" failed="0" skipped="0">
  <reporter-output>
  </reporter-output>
  <suite started-at="2024-05-24T11:56:27 BDT" name="PetSuite" finished-at="2024-05-24T11:56:35 BDT" duration-ms="8395">
    <groups>
    </groups>
    <test started-at="2024-05-24T11:56:27 BDT" name="PetTests" finished-at="2024-05-24T11:56:35 BDT" duration-ms="8395">
      <class name="api.test.UserTests">
        <test-method is-config="true" signature="setupData()[pri:0, instance:api.test.UserTests@694abbdc]" started-at="2024-05-24T11:56:27 BDT" name="setupData" finished-at="2024-05-24T11:56:27 BDT" duration-ms="164" status="PASS">
          <reporter-output>
          </reporter-output>
        </test-method> <!-- setupData -->
        <test-method signature="testPostUser()[pri:1, instance:api.test.UserTests@694abbdc]" started-at="2024-05-24T11:56:27 BDT" name="testPostUser" finished-at="2024-05-24T11:56:30 BDT" duration-ms="2739" status="PASS">
          <reporter-output>
          </reporter-output>
        </test-method> <!-- testPostUser -->
        <test-method signature="testGetUserByName()[pri:2, instance:api.test.UserTests@694abbdc]" started-at="2024-05-24T11:56:30 BDT" name="testGetUserByName" finished-at="2024-05-24T11:56:31 BDT" duration-ms="1342" status="PASS">
          <reporter-output>
          </reporter-output>
        </test-method> <!-- testGetUserByName -->
        <test-method signature="testUpdateUserByName()[pri:3, instance:api.test.UserTests@694abbdc]" started-at="2024-05-24T11:56:31 BDT" name="testUpdateUserByName" finished-at="2024-05-24T11:56:34 BDT" duration-ms="2673" status="PASS">
          <reporter-output>
          </reporter-output>
        </test-method> <!-- testUpdateUserByName -->
        <test-method signature="testDeleteUserByName()[pri:4, instance:api.test.UserTests@694abbdc]" started-at="2024-05-24T11:56:34 BDT" name="testDeleteUserByName" finished-at="2024-05-24T11:56:35 BDT" duration-ms="1273" status="PASS">
          <reporter-output>
          </reporter-output>
        </test-method> <!-- testDeleteUserByName -->
      </class> <!-- api.test.UserTests -->
    </test> <!-- PetTests -->
  </suite> <!-- PetSuite -->
</testng-results>
