<?xml version="1.0" encoding="UTF-8"?>
<!-- Generated by org.testng.reporters.JUnitXMLReporter -->
<testsuite ignored="0" hostname="Fahim_Taj" failures="0" tests="4" name="PetTests" time="8.395" errors="0" timestamp="2024-05-24T11:56:35 BDT">
  <testcase classname="api.test.UserTests" name="testPostUser" time="2.739"/>
  <testcase classname="api.test.UserTests" name="testGetUserByName" time="1.342"/>
  <testcase classname="api.test.UserTests" name="testUpdateUserByName" time="2.673"/>
  <testcase classname="api.test.UserTests" name="testDeleteUserByName" time="1.273"/>
</testsuite> <!-- PetTests -->
